<?xml version="1.0" encoding="UTF-8"?>
<!-- Generated by org.testng.reporters.JUnitXMLReporter -->
<testsuite ignored="0" hostname="Deepshri_laptop" failures="0" tests="5" name="RegressionTest" time="64.344" errors="0" timestamp="2024-02-21T21:44:57 CST">
  <testcase classname="com.SFDC.AutomationScripts.AutomationScripts_Login" name="invalidCredentials_SFDC" time="10.455"/>
  <testcase classname="com.SFDC.AutomationScripts.AutomationScripts_Login" name="invalidLogin_SFDC" time="5.486"/>
  <testcase classname="com.SFDC.AutomationScripts.AutomationScripts_Login" name="rememberUserName_chkBox" time="18.058"/>
  <testcase classname="com.SFDC.AutomationScripts.AutomationScripts_Login" name="testForgetPwd" time="9.892"/>
  <testcase classname="com.SFDC.AutomationScripts.AutomationScripts_Login" name="validLogin_SFDC" time="12.454"/>
</testsuite> <!-- RegressionTest -->
