<?xml version="1.0" encoding="UTF-8"?>
<!-- Generated by org.testng.reporters.JUnitXMLReporter -->
<testsuite ignored="0" hostname="Deepshri_laptop" failures="0" tests="5" name="Default test" time="69.801" errors="0" timestamp="2024-02-21T21:20:59 CST">
  <testcase classname="com.SFDC.AutomationScripts.AutomationScripts_Login" name="invalidCredentials_SFDC" time="10.382"/>
  <testcase classname="com.SFDC.AutomationScripts.AutomationScripts_Login" name="invalidLogin_SFDC" time="5.464"/>
  <testcase classname="com.SFDC.AutomationScripts.AutomationScripts_Login" name="rememberUserName_chkBox" time="19.837"/>
  <testcase classname="com.SFDC.AutomationScripts.AutomationScripts_Login" name="testForgetPwd" time="9.678"/>
  <testcase classname="com.SFDC.AutomationScripts.AutomationScripts_Login" name="validLogin_SFDC" time="12.529"/>
</testsuite> <!-- Default test -->
