<?xml version="1.0" encoding="UTF-8"?>
<!-- Generated by org.testng.reporters.JUnitXMLReporter -->
<testsuite ignored="0" hostname="Deepshri_laptop" failures="0" tests="5" name="RegressionTest" time="69.521" errors="0" timestamp="2024-02-21T16:11:39 CST">
  <testcase classname="com.SFDC.AutomationScripts.AutomationScripts_Login" name="invalidCredentials_SFDC" time="10.587"/>
  <testcase classname="com.SFDC.AutomationScripts.AutomationScripts_Login" name="invalidLogin_SFDC" time="5.577"/>
  <testcase classname="com.SFDC.AutomationScripts.AutomationScripts_Login" name="rememberUserName_chkBox" time="20.661"/>
  <testcase classname="com.SFDC.AutomationScripts.AutomationScripts_Login" name="testForgetPwd" time="9.745"/>
  <testcase classname="com.SFDC.AutomationScripts.AutomationScripts_Login" name="validLogin_SFDC" time="12.754"/>
</testsuite> <!-- RegressionTest -->
