<?xml version="1.0" encoding="UTF-8"?>
<testng-results ignored="0" total="5" passed="5" failed="0" skipped="0">
  <reporter-output>
  </reporter-output>
  <suite started-at="2024-02-21T18:09:46 CST" name="Suite" finished-at="2024-02-21T18:10:54 CST" duration-ms="67986">
    <groups>
    </groups>
    <test started-at="2024-02-21T18:09:46 CST" name="RegressionTest" finished-at="2024-02-21T18:10:54 CST" duration-ms="67986">
      <class name="com.SFDC.AutomationScripts.AutomationScripts_Login">
        <test-method is-config="true" signature="setUpBeforeMethod(java.lang.String,org.testng.ITestResult)[pri:0, instance:com.SFDC.AutomationScripts.AutomationScripts_Login@7c7d3c46]" started-at="2024-02-21T18:09:46 CST" name="setUpBeforeMethod" finished-at="2024-02-21T18:09:49 CST" duration-ms="2856" status="PASS">
          <params>
            <param index="0">
              <value>
                <![CDATA[chrome]]>
              </value>
            </param>
            <param index="1">
              <value>
                <![CDATA[[TestResult name={null} status=CREATED method=AutomationScripts_Login.invalidCredentials_SFDC()[pri:0, instance:com.SFDC.AutomationScripts.AutomationScripts_Login@7c7d3c46] output={null}]]]>
              </value>
            </param>
          </params>
          <reporter-output>
          </reporter-output>
        </test-method> <!-- setUpBeforeMethod -->
        <test-method signature="invalidCredentials_SFDC()[pri:0, instance:com.SFDC.AutomationScripts.AutomationScripts_Login@7c7d3c46]" started-at="2024-02-21T18:09:49 CST" name="invalidCredentials_SFDC" finished-at="2024-02-21T18:10:00 CST" duration-ms="10373" status="PASS">
          <reporter-output>
          </reporter-output>
        </test-method> <!-- invalidCredentials_SFDC -->
        <test-method is-config="true" signature="tearDownAfterTestMethod()[pri:0, instance:com.SFDC.AutomationScripts.AutomationScripts_Login@7c7d3c46]" started-at="2024-02-21T18:10:00 CST" name="tearDownAfterTestMethod" finished-at="2024-02-21T18:10:00 CST" duration-ms="187" status="PASS">
          <reporter-output>
          </reporter-output>
        </test-method> <!-- tearDownAfterTestMethod -->
        <test-method is-config="true" signature="setUpBeforeMethod(java.lang.String,org.testng.ITestResult)[pri:0, instance:com.SFDC.AutomationScripts.AutomationScripts_Login@7c7d3c46]" started-at="2024-02-21T18:10:00 CST" name="setUpBeforeMethod" finished-at="2024-02-21T18:10:01 CST" duration-ms="1524" status="PASS">
          <params>
            <param index="0">
              <value>
                <![CDATA[chrome]]>
              </value>
            </param>
            <param index="1">
              <value>
                <![CDATA[[TestResult name={null} status=CREATED method=AutomationScripts_Login.invalidLogin_SFDC()[pri:0, instance:com.SFDC.AutomationScripts.AutomationScripts_Login@7c7d3c46] output={null}]]]>
              </value>
            </param>
          </params>
          <reporter-output>
          </reporter-output>
        </test-method> <!-- setUpBeforeMethod -->
        <test-method signature="invalidLogin_SFDC()[pri:0, instance:com.SFDC.AutomationScripts.AutomationScripts_Login@7c7d3c46]" started-at="2024-02-21T18:10:01 CST" name="invalidLogin_SFDC" finished-at="2024-02-21T18:10:07 CST" duration-ms="5477" status="PASS">
          <reporter-output>
          </reporter-output>
        </test-method> <!-- invalidLogin_SFDC -->
        <test-method is-config="true" signature="tearDownAfterTestMethod()[pri:0, instance:com.SFDC.AutomationScripts.AutomationScripts_Login@7c7d3c46]" started-at="2024-02-21T18:10:07 CST" name="tearDownAfterTestMethod" finished-at="2024-02-21T18:10:07 CST" duration-ms="93" status="PASS">
          <reporter-output>
          </reporter-output>
        </test-method> <!-- tearDownAfterTestMethod -->
        <test-method is-config="true" signature="setUpBeforeMethod(java.lang.String,org.testng.ITestResult)[pri:0, instance:com.SFDC.AutomationScripts.AutomationScripts_Login@7c7d3c46]" started-at="2024-02-21T18:10:07 CST" name="setUpBeforeMethod" finished-at="2024-02-21T18:10:09 CST" duration-ms="1868" status="PASS">
          <params>
            <param index="0">
              <value>
                <![CDATA[chrome]]>
              </value>
            </param>
            <param index="1">
              <value>
                <![CDATA[[TestResult name={null} status=CREATED method=AutomationScripts_Login.rememberUserName_chkBox()[pri:0, instance:com.SFDC.AutomationScripts.AutomationScripts_Login@7c7d3c46] output={null}]]]>
              </value>
            </param>
          </params>
          <reporter-output>
          </reporter-output>
        </test-method> <!-- setUpBeforeMethod -->
        <test-method signature="rememberUserName_chkBox()[pri:0, instance:com.SFDC.AutomationScripts.AutomationScripts_Login@7c7d3c46]" started-at="2024-02-21T18:10:09 CST" name="rememberUserName_chkBox" finished-at="2024-02-21T18:10:29 CST" duration-ms="20063" status="PASS">
          <reporter-output>
          </reporter-output>
        </test-method> <!-- rememberUserName_chkBox -->
        <test-method is-config="true" signature="tearDownAfterTestMethod()[pri:0, instance:com.SFDC.AutomationScripts.AutomationScripts_Login@7c7d3c46]" started-at="2024-02-21T18:10:29 CST" name="tearDownAfterTestMethod" finished-at="2024-02-21T18:10:29 CST" duration-ms="98" status="PASS">
          <reporter-output>
          </reporter-output>
        </test-method> <!-- tearDownAfterTestMethod -->
        <test-method is-config="true" signature="setUpBeforeMethod(java.lang.String,org.testng.ITestResult)[pri:0, instance:com.SFDC.AutomationScripts.AutomationScripts_Login@7c7d3c46]" started-at="2024-02-21T18:10:29 CST" name="setUpBeforeMethod" finished-at="2024-02-21T18:10:30 CST" duration-ms="1549" status="PASS">
          <params>
            <param index="0">
              <value>
                <![CDATA[chrome]]>
              </value>
            </param>
            <param index="1">
              <value>
                <![CDATA[[TestResult name={null} status=CREATED method=AutomationScripts_Login.testForgetPwd()[pri:0, instance:com.SFDC.AutomationScripts.AutomationScripts_Login@7c7d3c46] output={null}]]]>
              </value>
            </param>
          </params>
          <reporter-output>
          </reporter-output>
        </test-method> <!-- setUpBeforeMethod -->
        <test-method signature="testForgetPwd()[pri:0, instance:com.SFDC.AutomationScripts.AutomationScripts_Login@7c7d3c46]" started-at="2024-02-21T18:10:30 CST" name="testForgetPwd" finished-at="2024-02-21T18:10:40 CST" duration-ms="9739" status="PASS">
          <reporter-output>
          </reporter-output>
        </test-method> <!-- testForgetPwd -->
        <test-method is-config="true" signature="tearDownAfterTestMethod()[pri:0, instance:com.SFDC.AutomationScripts.AutomationScripts_Login@7c7d3c46]" started-at="2024-02-21T18:10:40 CST" name="tearDownAfterTestMethod" finished-at="2024-02-21T18:10:40 CST" duration-ms="137" status="PASS">
          <reporter-output>
          </reporter-output>
        </test-method> <!-- tearDownAfterTestMethod -->
        <test-method is-config="true" signature="setUpBeforeMethod(java.lang.String,org.testng.ITestResult)[pri:0, instance:com.SFDC.AutomationScripts.AutomationScripts_Login@7c7d3c46]" started-at="2024-02-21T18:10:40 CST" name="setUpBeforeMethod" finished-at="2024-02-21T18:10:42 CST" duration-ms="1303" status="PASS">
          <params>
            <param index="0">
              <value>
                <![CDATA[chrome]]>
              </value>
            </param>
            <param index="1">
              <value>
                <![CDATA[[TestResult name={null} status=CREATED method=AutomationScripts_Login.validLogin_SFDC()[pri:0, instance:com.SFDC.AutomationScripts.AutomationScripts_Login@7c7d3c46] output={null}]]]>
              </value>
            </param>
          </params>
          <reporter-output>
          </reporter-output>
        </test-method> <!-- setUpBeforeMethod -->
        <test-method signature="validLogin_SFDC()[pri:0, instance:com.SFDC.AutomationScripts.AutomationScripts_Login@7c7d3c46]" started-at="2024-02-21T18:10:42 CST" name="validLogin_SFDC" finished-at="2024-02-21T18:10:54 CST" duration-ms="12546" status="PASS">
          <reporter-output>
          </reporter-output>
        </test-method> <!-- validLogin_SFDC -->
        <test-method is-config="true" signature="tearDownAfterTestMethod()[pri:0, instance:com.SFDC.AutomationScripts.AutomationScripts_Login@7c7d3c46]" started-at="2024-02-21T18:10:54 CST" name="tearDownAfterTestMethod" finished-at="2024-02-21T18:10:54 CST" duration-ms="137" status="PASS">
          <reporter-output>
          </reporter-output>
        </test-method> <!-- tearDownAfterTestMethod -->
      </class> <!-- com.SFDC.AutomationScripts.AutomationScripts_Login -->
    </test> <!-- RegressionTest -->
  </suite> <!-- Suite -->
</testng-results>
