<?xml version="1.0" encoding="UTF-8"?>
<testng-results ignored="0" total="5" passed="5" failed="0" skipped="0">
  <reporter-output>
  </reporter-output>
  <suite started-at="2024-02-21T21:43:53 CST" name="RegressionSuite" finished-at="2024-02-21T21:44:57 CST" duration-ms="64344">
    <groups>
    </groups>
    <test started-at="2024-02-21T21:43:53 CST" name="RegressionTest" finished-at="2024-02-21T21:44:57 CST" duration-ms="64344">
      <class name="com.SFDC.AutomationScripts.AutomationScripts_Login">
        <test-method is-config="true" signature="setUpBeforeMethod(java.lang.String,org.testng.ITestResult)[pri:0, instance:com.SFDC.AutomationScripts.AutomationScripts_Login@31024624]" started-at="2024-02-21T21:43:53 CST" name="setUpBeforeMethod" finished-at="2024-02-21T21:43:55 CST" duration-ms="1769" status="PASS">
          <params>
            <param index="0">
              <value>
                <![CDATA[chrome]]>
              </value>
            </param>
            <param index="1">
              <value>
                <![CDATA[[TestResult name={null} status=CREATED method=AutomationScripts_Login.invalidCredentials_SFDC()[pri:0, instance:com.SFDC.AutomationScripts.AutomationScripts_Login@31024624] output={null}]]]>
              </value>
            </param>
          </params>
          <reporter-output>
          </reporter-output>
        </test-method> <!-- setUpBeforeMethod -->
        <test-method signature="invalidCredentials_SFDC()[pri:0, instance:com.SFDC.AutomationScripts.AutomationScripts_Login@31024624]" started-at="2024-02-21T21:43:55 CST" name="invalidCredentials_SFDC" finished-at="2024-02-21T21:44:05 CST" duration-ms="10455" status="PASS">
          <reporter-output>
          </reporter-output>
        </test-method> <!-- invalidCredentials_SFDC -->
        <test-method is-config="true" signature="tearDownAfterTestMethod()[pri:0, instance:com.SFDC.AutomationScripts.AutomationScripts_Login@31024624]" started-at="2024-02-21T21:44:05 CST" name="tearDownAfterTestMethod" finished-at="2024-02-21T21:44:06 CST" duration-ms="176" status="PASS">
          <reporter-output>
          </reporter-output>
        </test-method> <!-- tearDownAfterTestMethod -->
        <test-method is-config="true" signature="setUpBeforeMethod(java.lang.String,org.testng.ITestResult)[pri:0, instance:com.SFDC.AutomationScripts.AutomationScripts_Login@31024624]" started-at="2024-02-21T21:44:06 CST" name="setUpBeforeMethod" finished-at="2024-02-21T21:44:07 CST" duration-ms="1211" status="PASS">
          <params>
            <param index="0">
              <value>
                <![CDATA[chrome]]>
              </value>
            </param>
            <param index="1">
              <value>
                <![CDATA[[TestResult name={null} status=CREATED method=AutomationScripts_Login.invalidLogin_SFDC()[pri:0, instance:com.SFDC.AutomationScripts.AutomationScripts_Login@31024624] output={null}]]]>
              </value>
            </param>
          </params>
          <reporter-output>
          </reporter-output>
        </test-method> <!-- setUpBeforeMethod -->
        <test-method signature="invalidLogin_SFDC()[pri:0, instance:com.SFDC.AutomationScripts.AutomationScripts_Login@31024624]" started-at="2024-02-21T21:44:07 CST" name="invalidLogin_SFDC" finished-at="2024-02-21T21:44:12 CST" duration-ms="5486" status="PASS">
          <reporter-output>
          </reporter-output>
        </test-method> <!-- invalidLogin_SFDC -->
        <test-method is-config="true" signature="tearDownAfterTestMethod()[pri:0, instance:com.SFDC.AutomationScripts.AutomationScripts_Login@31024624]" started-at="2024-02-21T21:44:12 CST" name="tearDownAfterTestMethod" finished-at="2024-02-21T21:44:12 CST" duration-ms="132" status="PASS">
          <reporter-output>
          </reporter-output>
        </test-method> <!-- tearDownAfterTestMethod -->
        <test-method is-config="true" signature="setUpBeforeMethod(java.lang.String,org.testng.ITestResult)[pri:0, instance:com.SFDC.AutomationScripts.AutomationScripts_Login@31024624]" started-at="2024-02-21T21:44:12 CST" name="setUpBeforeMethod" finished-at="2024-02-21T21:44:14 CST" duration-ms="1298" status="PASS">
          <params>
            <param index="0">
              <value>
                <![CDATA[chrome]]>
              </value>
            </param>
            <param index="1">
              <value>
                <![CDATA[[TestResult name={null} status=CREATED method=AutomationScripts_Login.rememberUserName_chkBox()[pri:0, instance:com.SFDC.AutomationScripts.AutomationScripts_Login@31024624] output={null}]]]>
              </value>
            </param>
          </params>
          <reporter-output>
          </reporter-output>
        </test-method> <!-- setUpBeforeMethod -->
        <test-method signature="rememberUserName_chkBox()[pri:0, instance:com.SFDC.AutomationScripts.AutomationScripts_Login@31024624]" started-at="2024-02-21T21:44:14 CST" name="rememberUserName_chkBox" finished-at="2024-02-21T21:44:32 CST" duration-ms="18058" status="PASS">
          <reporter-output>
          </reporter-output>
        </test-method> <!-- rememberUserName_chkBox -->
        <test-method is-config="true" signature="tearDownAfterTestMethod()[pri:0, instance:com.SFDC.AutomationScripts.AutomationScripts_Login@31024624]" started-at="2024-02-21T21:44:32 CST" name="tearDownAfterTestMethod" finished-at="2024-02-21T21:44:32 CST" duration-ms="131" status="PASS">
          <reporter-output>
          </reporter-output>
        </test-method> <!-- tearDownAfterTestMethod -->
        <test-method is-config="true" signature="setUpBeforeMethod(java.lang.String,org.testng.ITestResult)[pri:0, instance:com.SFDC.AutomationScripts.AutomationScripts_Login@31024624]" started-at="2024-02-21T21:44:32 CST" name="setUpBeforeMethod" finished-at="2024-02-21T21:44:34 CST" duration-ms="1600" status="PASS">
          <params>
            <param index="0">
              <value>
                <![CDATA[chrome]]>
              </value>
            </param>
            <param index="1">
              <value>
                <![CDATA[[TestResult name={null} status=CREATED method=AutomationScripts_Login.testForgetPwd()[pri:0, instance:com.SFDC.AutomationScripts.AutomationScripts_Login@31024624] output={null}]]]>
              </value>
            </param>
          </params>
          <reporter-output>
          </reporter-output>
        </test-method> <!-- setUpBeforeMethod -->
        <test-method signature="testForgetPwd()[pri:0, instance:com.SFDC.AutomationScripts.AutomationScripts_Login@31024624]" started-at="2024-02-21T21:44:34 CST" name="testForgetPwd" finished-at="2024-02-21T21:44:43 CST" duration-ms="9892" status="PASS">
          <reporter-output>
          </reporter-output>
        </test-method> <!-- testForgetPwd -->
        <test-method is-config="true" signature="tearDownAfterTestMethod()[pri:0, instance:com.SFDC.AutomationScripts.AutomationScripts_Login@31024624]" started-at="2024-02-21T21:44:43 CST" name="tearDownAfterTestMethod" finished-at="2024-02-21T21:44:44 CST" duration-ms="124" status="PASS">
          <reporter-output>
          </reporter-output>
        </test-method> <!-- tearDownAfterTestMethod -->
        <test-method is-config="true" signature="setUpBeforeMethod(java.lang.String,org.testng.ITestResult)[pri:0, instance:com.SFDC.AutomationScripts.AutomationScripts_Login@31024624]" started-at="2024-02-21T21:44:44 CST" name="setUpBeforeMethod" finished-at="2024-02-21T21:44:45 CST" duration-ms="1225" status="PASS">
          <params>
            <param index="0">
              <value>
                <![CDATA[chrome]]>
              </value>
            </param>
            <param index="1">
              <value>
                <![CDATA[[TestResult name={null} status=CREATED method=AutomationScripts_Login.validLogin_SFDC()[pri:0, instance:com.SFDC.AutomationScripts.AutomationScripts_Login@31024624] output={null}]]]>
              </value>
            </param>
          </params>
          <reporter-output>
          </reporter-output>
        </test-method> <!-- setUpBeforeMethod -->
        <test-method signature="validLogin_SFDC()[pri:0, instance:com.SFDC.AutomationScripts.AutomationScripts_Login@31024624]" started-at="2024-02-21T21:44:45 CST" name="validLogin_SFDC" finished-at="2024-02-21T21:44:57 CST" duration-ms="12454" status="PASS">
          <reporter-output>
          </reporter-output>
        </test-method> <!-- validLogin_SFDC -->
        <test-method is-config="true" signature="tearDownAfterTestMethod()[pri:0, instance:com.SFDC.AutomationScripts.AutomationScripts_Login@31024624]" started-at="2024-02-21T21:44:57 CST" name="tearDownAfterTestMethod" finished-at="2024-02-21T21:44:57 CST" duration-ms="154" status="PASS">
          <reporter-output>
          </reporter-output>
        </test-method> <!-- tearDownAfterTestMethod -->
      </class> <!-- com.SFDC.AutomationScripts.AutomationScripts_Login -->
    </test> <!-- RegressionTest -->
  </suite> <!-- RegressionSuite -->
</testng-results>
